\BOOKMARK [0][-]{chapter.1}{\376\377\0001\000\040\000G\000I\000D\000E\000\040\000\050\000G\000u\000i\000l\000d\000s\000\040\000I\000D\000E\000\051}{}% 1
\BOOKMARK [1][-]{section.1.1}{\376\377\0001\000.\0001\000\040\000O\000v\000e\000r\000v\000i\000e\000w}{chapter.1}% 2
\BOOKMARK [1][-]{section.1.2}{\376\377\0001\000.\0002\000\040\000K\000e\000y\000\040\000F\000e\000a\000t\000u\000r\000e\000s}{chapter.1}% 3
\BOOKMARK [1][-]{section.1.3}{\376\377\0001\000.\0003\000\040\000G\000e\000t\000t\000i\000n\000g\000\040\000S\000t\000a\000r\000t\000e\000d}{chapter.1}% 4
\BOOKMARK [1][-]{section.1.4}{\376\377\0001\000.\0004\000\040\000H\000o\000w\000\040\000t\000o\000\040\000C\000o\000n\000t\000r\000i\000b\000u\000t\000e}{chapter.1}% 5
\BOOKMARK [1][-]{section.1.5}{\376\377\0001\000.\0005\000\040\000C\000o\000m\000m\000u\000n\000i\000t\000y\000\040\000a\000n\000d\000\040\000S\000u\000p\000p\000o\000r\000t}{chapter.1}% 6
\BOOKMARK [1][-]{section.1.6}{\376\377\0001\000.\0006\000\040\000L\000i\000c\000e\000n\000s\000e}{chapter.1}% 7
\BOOKMARK [0][-]{chapter.2}{\376\377\0002\000\040\000H\000i\000e\000r\000a\000r\000c\000h\000i\000c\000a\000l\000\040\000I\000n\000d\000e\000x}{}% 8
\BOOKMARK [1][-]{section.2.1}{\376\377\0002\000.\0001\000\040\000C\000l\000a\000s\000s\000\040\000H\000i\000e\000r\000a\000r\000c\000h\000y}{chapter.2}% 9
\BOOKMARK [0][-]{chapter.3}{\376\377\0003\000\040\000C\000l\000a\000s\000s\000\040\000I\000n\000d\000e\000x}{}% 10
\BOOKMARK [1][-]{section.3.1}{\376\377\0003\000.\0001\000\040\000C\000l\000a\000s\000s\000\040\000L\000i\000s\000t}{chapter.3}% 11
\BOOKMARK [0][-]{chapter.4}{\376\377\0004\000\040\000F\000i\000l\000e\000\040\000I\000n\000d\000e\000x}{}% 12
\BOOKMARK [1][-]{section.4.1}{\376\377\0004\000.\0001\000\040\000F\000i\000l\000e\000\040\000L\000i\000s\000t}{chapter.4}% 13
\BOOKMARK [0][-]{chapter.5}{\376\377\0005\000\040\000N\000a\000m\000e\000s\000p\000a\000c\000e\000\040\000D\000o\000c\000u\000m\000e\000n\000t\000a\000t\000i\000o\000n}{}% 14
\BOOKMARK [1][-]{section.5.1}{\376\377\0005\000.\0001\000\040\000U\000i\000\040\000N\000a\000m\000e\000s\000p\000a\000c\000e\000\040\000R\000e\000f\000e\000r\000e\000n\000c\000e}{chapter.5}% 15
\BOOKMARK [0][-]{chapter.6}{\376\377\0006\000\040\000C\000l\000a\000s\000s\000\040\000D\000o\000c\000u\000m\000e\000n\000t\000a\000t\000i\000o\000n}{}% 16
\BOOKMARK [1][-]{section.6.1}{\376\377\0006\000.\0001\000\040\000C\000o\000n\000v\000e\000r\000s\000i\000o\000n\000\040\000C\000l\000a\000s\000s\000\040\000R\000e\000f\000e\000r\000e\000n\000c\000e}{chapter.6}% 17
\BOOKMARK [2][-]{subsection.6.1.1}{\376\377\0006\000.\0001\000.\0001\000\040\000C\000o\000n\000s\000t\000r\000u\000c\000t\000o\000r\000\040\000\046\000\040\000D\000e\000s\000t\000r\000u\000c\000t\000o\000r\000\040\000D\000o\000c\000u\000m\000e\000n\000t\000a\000t\000i\000o\000n}{section.6.1}% 18
\BOOKMARK [3][-]{subsubsection.6.1.1.1}{\376\377\0006\000.\0001\000.\0001\000.\0001\000\040\000C\000o\000n\000v\000e\000r\000s\000i\000o\000n\000\050\000\051}{subsection.6.1.1}% 19
\BOOKMARK [2][-]{subsection.6.1.2}{\376\377\0006\000.\0001\000.\0002\000\040\000M\000e\000m\000b\000e\000r\000\040\000F\000u\000n\000c\000t\000i\000o\000n\000\040\000D\000o\000c\000u\000m\000e\000n\000t\000a\000t\000i\000o\000n}{section.6.1}% 20
\BOOKMARK [3][-]{subsubsection.6.1.2.1}{\376\377\0006\000.\0001\000.\0002\000.\0001\000\040\000a\000s\000c\000i\000i\000\050\000\051}{subsection.6.1.2}% 21
\BOOKMARK [3][-]{subsubsection.6.1.2.2}{\376\377\0006\000.\0001\000.\0002\000.\0002\000\040\000g\000e\000t\000S\000t\000r\000i\000n\000g\000s\000\050\000\051}{subsection.6.1.2}% 22
\BOOKMARK [3][-]{subsubsection.6.1.2.3}{\376\377\0006\000.\0001\000.\0002\000.\0003\000\040\000h\000e\000x\000\050\000\051}{subsection.6.1.2}% 23
\BOOKMARK [3][-]{subsubsection.6.1.2.4}{\376\377\0006\000.\0001\000.\0002\000.\0004\000\040\000h\000e\000x\000T\000o\000I\000n\000t\000\050\000\051}{subsection.6.1.2}% 24
\BOOKMARK [1][-]{section.6.2}{\376\377\0006\000.\0002\000\040\000F\000i\000l\000e\000s\000\040\000C\000l\000a\000s\000s\000\040\000R\000e\000f\000e\000r\000e\000n\000c\000e}{chapter.6}% 25
\BOOKMARK [2][-]{subsection.6.2.1}{\376\377\0006\000.\0002\000.\0001\000\040\000C\000o\000n\000s\000t\000r\000u\000c\000t\000o\000r\000\040\000\046\000\040\000D\000e\000s\000t\000r\000u\000c\000t\000o\000r\000\040\000D\000o\000c\000u\000m\000e\000n\000t\000a\000t\000i\000o\000n}{section.6.2}% 26
\BOOKMARK [3][-]{subsubsection.6.2.1.1}{\376\377\0006\000.\0002\000.\0001\000.\0001\000\040\000F\000i\000l\000e\000s\000\050\000\051}{subsection.6.2.1}% 27
\BOOKMARK [2][-]{subsection.6.2.2}{\376\377\0006\000.\0002\000.\0002\000\040\000M\000e\000m\000b\000e\000r\000\040\000F\000u\000n\000c\000t\000i\000o\000n\000\040\000D\000o\000c\000u\000m\000e\000n\000t\000a\000t\000i\000o\000n}{section.6.2}% 28
\BOOKMARK [3][-]{subsubsection.6.2.2.1}{\376\377\0006\000.\0002\000.\0002\000.\0001\000\040\000g\000e\000t\000D\000i\000r\000e\000c\000t\000o\000r\000y\000\050\000\051}{subsection.6.2.2}% 29
\BOOKMARK [3][-]{subsubsection.6.2.2.2}{\376\377\0006\000.\0002\000.\0002\000.\0002\000\040\000g\000e\000t\000H\000o\000m\000e\000D\000i\000r\000\050\000\051}{subsection.6.2.2}% 30
\BOOKMARK [3][-]{subsubsection.6.2.2.3}{\376\377\0006\000.\0002\000.\0002\000.\0003\000\040\000o\000p\000e\000n\000F\000i\000l\000e\000M\000a\000n\000a\000g\000e\000r\000\050\000\051}{subsection.6.2.2}% 31
\BOOKMARK [3][-]{subsubsection.6.2.2.4}{\376\377\0006\000.\0002\000.\0002\000.\0004\000\040\000r\000e\000a\000d\000\050\000\051}{subsection.6.2.2}% 32
\BOOKMARK [3][-]{subsubsection.6.2.2.5}{\376\377\0006\000.\0002\000.\0002\000.\0005\000\040\000w\000r\000i\000t\000e\000\050\000\051}{subsection.6.2.2}% 33
\BOOKMARK [1][-]{section.6.3}{\376\377\0006\000.\0003\000\040\000G\000T\000e\000x\000t\000E\000d\000i\000t\000\040\000C\000l\000a\000s\000s\000\040\000R\000e\000f\000e\000r\000e\000n\000c\000e}{chapter.6}% 34
\BOOKMARK [2][-]{subsection.6.3.1}{\376\377\0006\000.\0003\000.\0001\000\040\000C\000o\000n\000s\000t\000r\000u\000c\000t\000o\000r\000\040\000\046\000\040\000D\000e\000s\000t\000r\000u\000c\000t\000o\000r\000\040\000D\000o\000c\000u\000m\000e\000n\000t\000a\000t\000i\000o\000n}{section.6.3}% 35
\BOOKMARK [3][-]{subsubsection.6.3.1.1}{\376\377\0006\000.\0003\000.\0001\000.\0001\000\040\000G\000T\000e\000x\000t\000E\000d\000i\000t\000\050\000\051}{subsection.6.3.1}% 36
\BOOKMARK [2][-]{subsection.6.3.2}{\376\377\0006\000.\0003\000.\0002\000\040\000M\000e\000m\000b\000e\000r\000\040\000F\000u\000n\000c\000t\000i\000o\000n\000\040\000D\000o\000c\000u\000m\000e\000n\000t\000a\000t\000i\000o\000n}{section.6.3}% 37
\BOOKMARK [3][-]{subsubsection.6.3.2.1}{\376\377\0006\000.\0003\000.\0002\000.\0001\000\040\000d\000e\000l\000e\000t\000e\000L\000i\000n\000e\000\050\000\051}{subsection.6.3.2}% 38
\BOOKMARK [3][-]{subsubsection.6.3.2.2}{\376\377\0006\000.\0003\000.\0002\000.\0002\000\040\000d\000e\000l\000e\000t\000e\000W\000o\000r\000d\000\050\000\051}{subsection.6.3.2}% 39
\BOOKMARK [3][-]{subsubsection.6.3.2.3}{\376\377\0006\000.\0003\000.\0002\000.\0003\000\040\000g\000e\000t\000F\000i\000l\000e\000p\000a\000t\000h\000\050\000\051}{subsection.6.3.2}% 40
\BOOKMARK [3][-]{subsubsection.6.3.2.4}{\376\377\0006\000.\0003\000.\0002\000.\0004\000\040\000g\000e\000t\000F\000i\000l\000e\000T\000y\000p\000e\000\050\000\051}{subsection.6.3.2}% 41
\BOOKMARK [3][-]{subsubsection.6.3.2.5}{\376\377\0006\000.\0003\000.\0002\000.\0005\000\040\000j\000o\000i\000n\000L\000i\000n\000e\000s\000\050\000\051}{subsection.6.3.2}% 42
\BOOKMARK [3][-]{subsubsection.6.3.2.6}{\376\377\0006\000.\0003\000.\0002\000.\0006\000\040\000k\000e\000y\000P\000r\000e\000s\000s\000E\000v\000e\000n\000t\000\050\000\051}{subsection.6.3.2}% 43
\BOOKMARK [3][-]{subsubsection.6.3.2.7}{\376\377\0006\000.\0003\000.\0002\000.\0007\000\040\000l\000i\000n\000e\000U\000n\000d\000e\000r\000C\000u\000r\000s\000o\000r\000\050\000\051}{subsection.6.3.2}% 44
\BOOKMARK [3][-]{subsubsection.6.3.2.8}{\376\377\0006\000.\0003\000.\0002\000.\0008\000\040\000s\000e\000l\000e\000c\000t\000L\000i\000n\000e\000\050\000\051}{subsection.6.3.2}% 45
\BOOKMARK [3][-]{subsubsection.6.3.2.9}{\376\377\0006\000.\0003\000.\0002\000.\0009\000\040\000s\000e\000l\000e\000c\000t\000W\000o\000r\000d\000\050\000\051}{subsection.6.3.2}% 46
\BOOKMARK [3][-]{subsubsection.6.3.2.10}{\376\377\0006\000.\0003\000.\0002\000.\0001\0000\000\040\000s\000e\000t\000F\000i\000l\000e\000P\000a\000t\000h\000\050\000\051}{subsection.6.3.2}% 47
\BOOKMARK [3][-]{subsubsection.6.3.2.11}{\376\377\0006\000.\0003\000.\0002\000.\0001\0001\000\040\000s\000e\000t\000F\000i\000l\000e\000T\000y\000p\000e\000\050\000\051}{subsection.6.3.2}% 48
\BOOKMARK [3][-]{subsubsection.6.3.2.12}{\376\377\0006\000.\0003\000.\0002\000.\0001\0002\000\040\000s\000e\000t\000H\000i\000g\000h\000l\000i\000g\000h\000t\000e\000r\000\050\000\051}{subsection.6.3.2}% 49
\BOOKMARK [3][-]{subsubsection.6.3.2.13}{\376\377\0006\000.\0003\000.\0002\000.\0001\0003\000\040\000s\000e\000t\000H\000i\000g\000h\000l\000i\000g\000h\000t\000e\000r\000T\000h\000e\000m\000e\000\050\000\051}{subsection.6.3.2}% 50
\BOOKMARK [3][-]{subsubsection.6.3.2.14}{\376\377\0006\000.\0003\000.\0002\000.\0001\0004\000\040\000s\000w\000a\000p\000L\000i\000n\000e\000D\000o\000w\000n\000\050\000\051}{subsection.6.3.2}% 51
\BOOKMARK [3][-]{subsubsection.6.3.2.15}{\376\377\0006\000.\0003\000.\0002\000.\0001\0005\000\040\000s\000w\000a\000p\000L\000i\000n\000e\000U\000p\000\050\000\051}{subsection.6.3.2}% 52
\BOOKMARK [3][-]{subsubsection.6.3.2.16}{\376\377\0006\000.\0003\000.\0002\000.\0001\0006\000\040\000t\000o\000g\000g\000l\000e\000C\000o\000m\000m\000e\000n\000t\000\050\000\051}{subsection.6.3.2}% 53
\BOOKMARK [3][-]{subsubsection.6.3.2.17}{\376\377\0006\000.\0003\000.\0002\000.\0001\0007\000\040\000w\000o\000r\000d\000U\000n\000d\000e\000r\000C\000u\000r\000s\000o\000r\000\050\000\051}{subsection.6.3.2}% 54
\BOOKMARK [1][-]{section.6.4}{\376\377\0006\000.\0004\000\040\000H\000i\000g\000h\000l\000i\000g\000h\000t\000e\000r\000\040\000C\000l\000a\000s\000s\000\040\000R\000e\000f\000e\000r\000e\000n\000c\000e}{chapter.6}% 55
\BOOKMARK [2][-]{subsection.6.4.1}{\376\377\0006\000.\0004\000.\0001\000\040\000C\000o\000n\000s\000t\000r\000u\000c\000t\000o\000r\000\040\000\046\000\040\000D\000e\000s\000t\000r\000u\000c\000t\000o\000r\000\040\000D\000o\000c\000u\000m\000e\000n\000t\000a\000t\000i\000o\000n}{section.6.4}% 56
\BOOKMARK [3][-]{subsubsection.6.4.1.1}{\376\377\0006\000.\0004\000.\0001\000.\0001\000\040\000H\000i\000g\000h\000l\000i\000g\000h\000t\000e\000r\000\050\000\051}{subsection.6.4.1}% 57
\BOOKMARK [2][-]{subsection.6.4.2}{\376\377\0006\000.\0004\000.\0002\000\040\000M\000e\000m\000b\000e\000r\000\040\000F\000u\000n\000c\000t\000i\000o\000n\000\040\000D\000o\000c\000u\000m\000e\000n\000t\000a\000t\000i\000o\000n}{section.6.4}% 58
\BOOKMARK [3][-]{subsubsection.6.4.2.1}{\376\377\0006\000.\0004\000.\0002\000.\0001\000\040\000h\000i\000g\000h\000l\000i\000g\000h\000t\000B\000l\000o\000c\000k\000\050\000\051}{subsection.6.4.2}% 59
\BOOKMARK [3][-]{subsubsection.6.4.2.2}{\376\377\0006\000.\0004\000.\0002\000.\0002\000\040\000s\000e\000t\000T\000h\000e\000m\000e\000\050\000\051}{subsection.6.4.2}% 60
\BOOKMARK [1][-]{section.6.5}{\376\377\0006\000.\0005\000\040\000M\000a\000i\000n\000W\000i\000n\000d\000o\000w\000\040\000C\000l\000a\000s\000s\000\040\000R\000e\000f\000e\000r\000e\000n\000c\000e}{chapter.6}% 61
\BOOKMARK [2][-]{subsection.6.5.1}{\376\377\0006\000.\0005\000.\0001\000\040\000C\000o\000n\000s\000t\000r\000u\000c\000t\000o\000r\000\040\000\046\000\040\000D\000e\000s\000t\000r\000u\000c\000t\000o\000r\000\040\000D\000o\000c\000u\000m\000e\000n\000t\000a\000t\000i\000o\000n}{section.6.5}% 62
\BOOKMARK [3][-]{subsubsection.6.5.1.1}{\376\377\0006\000.\0005\000.\0001\000.\0001\000\040\000M\000a\000i\000n\000W\000i\000n\000d\000o\000w\000\050\000\051}{subsection.6.5.1}% 63
\BOOKMARK [3][-]{subsubsection.6.5.1.2}{\376\377\0006\000.\0005\000.\0001\000.\0002\000\040\000~\000M\000a\000i\000n\000W\000i\000n\000d\000o\000w\000\050\000\051}{subsection.6.5.1}% 64
\BOOKMARK [2][-]{subsection.6.5.2}{\376\377\0006\000.\0005\000.\0002\000\040\000M\000e\000m\000b\000e\000r\000\040\000F\000u\000n\000c\000t\000i\000o\000n\000\040\000D\000o\000c\000u\000m\000e\000n\000t\000a\000t\000i\000o\000n}{section.6.5}% 65
\BOOKMARK [3][-]{subsubsection.6.5.2.1}{\376\377\0006\000.\0005\000.\0002\000.\0001\000\040\000o\000p\000e\000n\000W\000i\000t\000h\000\050\000\051}{subsection.6.5.2}% 66
\BOOKMARK [1][-]{section.6.6}{\376\377\0006\000.\0006\000\040\000S\000e\000a\000r\000c\000h\000\040\000C\000l\000a\000s\000s\000\040\000R\000e\000f\000e\000r\000e\000n\000c\000e}{chapter.6}% 67
\BOOKMARK [2][-]{subsection.6.6.1}{\376\377\0006\000.\0006\000.\0001\000\040\000C\000o\000n\000s\000t\000r\000u\000c\000t\000o\000r\000\040\000\046\000\040\000D\000e\000s\000t\000r\000u\000c\000t\000o\000r\000\040\000D\000o\000c\000u\000m\000e\000n\000t\000a\000t\000i\000o\000n}{section.6.6}% 68
\BOOKMARK [3][-]{subsubsection.6.6.1.1}{\376\377\0006\000.\0006\000.\0001\000.\0001\000\040\000S\000e\000a\000r\000c\000h\000\050\000\051}{subsection.6.6.1}% 69
\BOOKMARK [2][-]{subsection.6.6.2}{\376\377\0006\000.\0006\000.\0002\000\040\000M\000e\000m\000b\000e\000r\000\040\000F\000u\000n\000c\000t\000i\000o\000n\000\040\000D\000o\000c\000u\000m\000e\000n\000t\000a\000t\000i\000o\000n}{section.6.6}% 70
\BOOKMARK [3][-]{subsubsection.6.6.2.1}{\376\377\0006\000.\0006\000.\0002\000.\0001\000\040\000f\000i\000n\000d\000A\000l\000l\000\050\000\051}{subsection.6.6.2}% 71
\BOOKMARK [1][-]{section.6.7}{\376\377\0006\000.\0007\000\040\000T\000e\000m\000p\000l\000a\000t\000e\000s\000\040\000C\000l\000a\000s\000s\000\040\000R\000e\000f\000e\000r\000e\000n\000c\000e}{chapter.6}% 72
\BOOKMARK [2][-]{subsection.6.7.1}{\376\377\0006\000.\0007\000.\0001\000\040\000C\000o\000n\000s\000t\000r\000u\000c\000t\000o\000r\000\040\000\046\000\040\000D\000e\000s\000t\000r\000u\000c\000t\000o\000r\000\040\000D\000o\000c\000u\000m\000e\000n\000t\000a\000t\000i\000o\000n}{section.6.7}% 73
\BOOKMARK [3][-]{subsubsection.6.7.1.1}{\376\377\0006\000.\0007\000.\0001\000.\0001\000\040\000T\000e\000m\000p\000l\000a\000t\000e\000s\000\050\000\051}{subsection.6.7.1}% 74
\BOOKMARK [2][-]{subsection.6.7.2}{\376\377\0006\000.\0007\000.\0002\000\040\000M\000e\000m\000b\000e\000r\000\040\000F\000u\000n\000c\000t\000i\000o\000n\000\040\000D\000o\000c\000u\000m\000e\000n\000t\000a\000t\000i\000o\000n}{section.6.7}% 75
\BOOKMARK [3][-]{subsubsection.6.7.2.1}{\376\377\0006\000.\0007\000.\0002\000.\0001\000\040\000g\000e\000t\000A\000s\000m\000T\000e\000m\000p\000l\000a\000t\000e\000\050\000\051}{subsection.6.7.2}% 76
\BOOKMARK [3][-]{subsubsection.6.7.2.2}{\376\377\0006\000.\0007\000.\0002\000.\0002\000\040\000g\000e\000t\000C\000P\000P\000T\000e\000m\000p\000l\000a\000t\000e\000\050\000\051}{subsection.6.7.2}% 77
\BOOKMARK [3][-]{subsubsection.6.7.2.3}{\376\377\0006\000.\0007\000.\0002\000.\0003\000\040\000g\000e\000t\000C\000S\000S\000T\000e\000m\000p\000l\000a\000t\000e\000\050\000\051}{subsection.6.7.2}% 78
\BOOKMARK [3][-]{subsubsection.6.7.2.4}{\376\377\0006\000.\0007\000.\0002\000.\0004\000\040\000g\000e\000t\000C\000T\000e\000m\000p\000l\000a\000t\000e\000\050\000\051}{subsection.6.7.2}% 79
\BOOKMARK [3][-]{subsubsection.6.7.2.5}{\376\377\0006\000.\0007\000.\0002\000.\0005\000\040\000g\000e\000t\000H\000t\000m\000l\000T\000e\000m\000p\000l\000a\000t\000e\000\050\000\051}{subsection.6.7.2}% 80
\BOOKMARK [3][-]{subsubsection.6.7.2.6}{\376\377\0006\000.\0007\000.\0002\000.\0006\000\040\000g\000e\000t\000J\000a\000v\000a\000T\000e\000m\000p\000l\000a\000t\000e\000\050\000\051}{subsection.6.7.2}% 81
\BOOKMARK [0][-]{chapter.7}{\376\377\0007\000\040\000F\000i\000l\000e\000\040\000D\000o\000c\000u\000m\000e\000n\000t\000a\000t\000i\000o\000n}{}% 82
\BOOKMARK [1][-]{section.7.1}{\376\377\0007\000.\0001\000\040\000R\000E\000A\000D\000M\000E\000.\000m\000d\000\040\000F\000i\000l\000e\000\040\000R\000e\000f\000e\000r\000e\000n\000c\000e}{chapter.7}% 83
\BOOKMARK [1][-]{section.7.2}{\376\377\0007\000.\0002\000\040\000m\000a\000i\000n\000.\000c\000p\000p\000\040\000F\000i\000l\000e\000\040\000R\000e\000f\000e\000r\000e\000n\000c\000e}{chapter.7}% 84
\BOOKMARK [2][-]{subsection.7.2.1}{\376\377\0007\000.\0002\000.\0001\000\040\000F\000u\000n\000c\000t\000i\000o\000n\000\040\000D\000o\000c\000u\000m\000e\000n\000t\000a\000t\000i\000o\000n}{section.7.2}% 85
\BOOKMARK [3][-]{subsubsection.7.2.1.1}{\376\377\0007\000.\0002\000.\0001\000.\0001\000\040\000m\000a\000i\000n\000\050\000\051}{subsection.7.2.1}% 86
\BOOKMARK [1][-]{section.7.3}{\376\377\0007\000.\0003\000\040\000m\000a\000i\000n\000w\000i\000n\000d\000o\000w\000.\000c\000p\000p\000\040\000F\000i\000l\000e\000\040\000R\000e\000f\000e\000r\000e\000n\000c\000e}{chapter.7}% 87
\BOOKMARK [2][-]{subsection.7.3.1}{\376\377\0007\000.\0003\000.\0001\000\040\000V\000a\000r\000i\000a\000b\000l\000e\000\040\000D\000o\000c\000u\000m\000e\000n\000t\000a\000t\000i\000o\000n}{section.7.3}% 88
\BOOKMARK [3][-]{subsubsection.7.3.1.1}{\376\377\0007\000.\0003\000.\0001\000.\0001\000\040\000c\000u\000r\000r\000e\000n\000t\000E\000d\000i\000t\000o\000r\000W\000i\000d\000g\000e\000t}{subsection.7.3.1}% 89
\BOOKMARK [1][-]{section.7.4}{\376\377\0007\000.\0004\000\040\000m\000a\000i\000n\000w\000i\000n\000d\000o\000w\000.\000h\000\040\000F\000i\000l\000e\000\040\000R\000e\000f\000e\000r\000e\000n\000c\000e}{chapter.7}% 90
\BOOKMARK [1][-]{section.7.5}{\376\377\0007\000.\0005\000\040\000m\000a\000i\000n\000w\000i\000n\000d\000o\000w\000.\000h}{chapter.7}% 91
\BOOKMARK [1][-]{section.7.6}{\376\377\0007\000.\0006\000\040\000c\000o\000n\000v\000e\000r\000s\000i\000o\000n\000.\000c\000p\000p\000\040\000F\000i\000l\000e\000\040\000R\000e\000f\000e\000r\000e\000n\000c\000e}{chapter.7}% 92
\BOOKMARK [1][-]{section.7.7}{\376\377\0007\000.\0007\000\040\000c\000o\000n\000v\000e\000r\000s\000i\000o\000n\000.\000h\000\040\000F\000i\000l\000e\000\040\000R\000e\000f\000e\000r\000e\000n\000c\000e}{chapter.7}% 93
\BOOKMARK [1][-]{section.7.8}{\376\377\0007\000.\0008\000\040\000c\000o\000n\000v\000e\000r\000s\000i\000o\000n\000.\000h}{chapter.7}% 94
\BOOKMARK [1][-]{section.7.9}{\376\377\0007\000.\0009\000\040\000f\000i\000l\000e\000s\000.\000c\000p\000p\000\040\000F\000i\000l\000e\000\040\000R\000e\000f\000e\000r\000e\000n\000c\000e}{chapter.7}% 95
\BOOKMARK [1][-]{section.7.10}{\376\377\0007\000.\0001\0000\000\040\000f\000i\000l\000e\000s\000.\000h\000\040\000F\000i\000l\000e\000\040\000R\000e\000f\000e\000r\000e\000n\000c\000e}{chapter.7}% 96
\BOOKMARK [1][-]{section.7.11}{\376\377\0007\000.\0001\0001\000\040\000f\000i\000l\000e\000s\000.\000h}{chapter.7}% 97
\BOOKMARK [1][-]{section.7.12}{\376\377\0007\000.\0001\0002\000\040\000h\000i\000g\000h\000l\000i\000g\000h\000t\000e\000r\000.\000c\000p\000p\000\040\000F\000i\000l\000e\000\040\000R\000e\000f\000e\000r\000e\000n\000c\000e}{chapter.7}% 98
\BOOKMARK [1][-]{section.7.13}{\376\377\0007\000.\0001\0003\000\040\000h\000i\000g\000h\000l\000i\000g\000h\000t\000e\000r\000.\000h\000\040\000F\000i\000l\000e\000\040\000R\000e\000f\000e\000r\000e\000n\000c\000e}{chapter.7}% 99
\BOOKMARK [1][-]{section.7.14}{\376\377\0007\000.\0001\0004\000\040\000h\000i\000g\000h\000l\000i\000g\000h\000t\000e\000r\000.\000h}{chapter.7}% 100
\BOOKMARK [1][-]{section.7.15}{\376\377\0007\000.\0001\0005\000\040\000t\000e\000m\000p\000l\000a\000t\000e\000s\000.\000c\000p\000p\000\040\000F\000i\000l\000e\000\040\000R\000e\000f\000e\000r\000e\000n\000c\000e}{chapter.7}% 101
\BOOKMARK [1][-]{section.7.16}{\376\377\0007\000.\0001\0006\000\040\000t\000e\000m\000p\000l\000a\000t\000e\000s\000.\000h\000\040\000F\000i\000l\000e\000\040\000R\000e\000f\000e\000r\000e\000n\000c\000e}{chapter.7}% 102
\BOOKMARK [1][-]{section.7.17}{\376\377\0007\000.\0001\0007\000\040\000t\000e\000m\000p\000l\000a\000t\000e\000s\000.\000h}{chapter.7}% 103
\BOOKMARK [1][-]{section.7.18}{\376\377\0007\000.\0001\0008\000\040\000g\000t\000e\000x\000t\000e\000d\000i\000t\000.\000c\000p\000p\000\040\000F\000i\000l\000e\000\040\000R\000e\000f\000e\000r\000e\000n\000c\000e}{chapter.7}% 104
\BOOKMARK [1][-]{section.7.19}{\376\377\0007\000.\0001\0009\000\040\000g\000t\000e\000x\000t\000e\000d\000i\000t\000.\000h\000\040\000F\000i\000l\000e\000\040\000R\000e\000f\000e\000r\000e\000n\000c\000e}{chapter.7}% 105
\BOOKMARK [1][-]{section.7.20}{\376\377\0007\000.\0002\0000\000\040\000g\000t\000e\000x\000t\000e\000d\000i\000t\000.\000h}{chapter.7}% 106
\BOOKMARK [1][-]{section.7.21}{\376\377\0007\000.\0002\0001\000\040\000s\000e\000a\000r\000c\000h\000.\000c\000p\000p\000\040\000F\000i\000l\000e\000\040\000R\000e\000f\000e\000r\000e\000n\000c\000e}{chapter.7}% 107
\BOOKMARK [1][-]{section.7.22}{\376\377\0007\000.\0002\0002\000\040\000s\000e\000a\000r\000c\000h\000.\000h\000\040\000F\000i\000l\000e\000\040\000R\000e\000f\000e\000r\000e\000n\000c\000e}{chapter.7}% 108
\BOOKMARK [1][-]{section.7.23}{\376\377\0007\000.\0002\0003\000\040\000s\000e\000a\000r\000c\000h\000.\000h}{chapter.7}% 109
\BOOKMARK [0][-]{section*.52}{\376\377\000I\000n\000d\000e\000x}{}% 110
